make all --print-data-base --no-builtin-variables --no-builtin-rules --question
make: *** No rule to make target 'all'.  Stop.

# GNU Make 4.3
# Built for x86_64-redhat-linux-gnu
# Copyright (C) 1988-2020 Free Software Foundation, Inc.
# License GPLv3+: GNU GPL version 3 or later <http://gnu.org/licenses/gpl.html>
# This is free software: you are free to change and redistribute it.
# There is NO WARRANTY, to the extent permitted by law.

# Make data base, printed on Sat May 14 22:00:08 2022

# Variables

# environment
GDK_BACKEND = x11
# environment
LC_ALL = C
# environment
NO_AT_BRIDGE = 1
# environment
LMOD_SETTARG_FULL_SUPPORT = no
# environment
STARSHIP_SESSION_KEY = 4400903749592988
# environment
GJS_DEBUG_OUTPUT = stderr
# environment
VSCODE_IPC_HOOK_EXTHOST = /run/user/1000/vscode-ipc-8af87cfd-1787-44be-bdbb-c83f17c46164.sock
# environment
VSCODE_CWD = /home/kayla
# environment
GPG_TTY = not a tty
# environment
WINDOWPATH = 2
# environment
NVM_DIR = /home/kayla/.nvm
# environment
GDM_LANG = en_US.UTF-8
# default
MAKE_COMMAND := make
# environment
LMOD_ROOT = /usr/share/lmod
# automatic
@D = $(patsubst %/,%,$(dir $@))
# environment
VSCODE_HANDLES_UNCAUGHT_ERRORS = true
# default
.VARIABLES := 
# environment
PWD = /home/kayla/Programming/Cpp/vulkan-learning
# automatic
%D = $(patsubst %/,%,$(dir $%))
# environment
HOSTNAME = jampy
# environment
MAIL = /var/spool/mail/kayla
# environment
STEAM_FRAME_FORCE_CLOSE = 1
# environment
XDG_DATA_DIRS = /home/kayla/.local/share/flatpak/exports/share:/var/lib/flatpak/exports/share:/usr/local/share/:/usr/share/
# environment
OLDPWD = /home/kayla
# automatic
^D = $(patsubst %/,%,$(dir $^))
# environment
VSCODE_LOG_STACK = false
# automatic
%F = $(notdir $%)
# environment
VSCODE_CODE_CACHE_PATH = /home/kayla/.config/Code/CachedData/da15b6fd3ef856477bf6f4fb29ba1b7af717770d
# environment
LANG = C
# environment
XAUTHORITY = /run/user/1000/gdm/Xauthority
# default
.LOADED := 
# default
.INCLUDE_DIRS = /usr/include /usr/local/include /usr/include
# environment
LMOD_CMD = /usr/share/lmod/lmod/libexec/lmod
# makefile
MAKEFLAGS = pqrR
# makefile
CURDIR := /home/kayla/Programming/Cpp/vulkan-learning
# environment
VSCODE_PIPE_LOGGING = true
# environment
APPLICATION_INSIGHTS_NO_DIAGNOSTIC_CHANNEL = 1
# environment
LMOD_DIR = /usr/share/lmod/lmod/libexec
# environment
LESSOPEN = ||/usr/bin/lesspipe.sh %s
# automatic
*D = $(patsubst %/,%,$(dir $*))
# environment
MFLAGS = -pqrR
# environment
SSH_AUTH_SOCK = /run/user/1000/keyring/ssh
# default
.SHELLFLAGS := -c
# environment
NVM_BIN = /home/kayla/.nvm/versions/node/v18.1.0/bin
# environment
HISTSIZE = 1000
# automatic
+D = $(patsubst %/,%,$(dir $+))
# environment
XDG_SESSION_DESKTOP = gnome-xorg
# makefile (from 'makefile', line 1)
MAKEFILE_LIST := makefile
# automatic
@F = $(notdir $@)
# environment
VSCODE_VERBOSE_LOGGING = true
# environment
VSCODE_PID = 11604
# environment
SDL_VIDEO_MINIMIZE_ON_FOCUS_LOSS = 0
# environment
XDG_SESSION_TYPE = x11
# automatic
?D = $(patsubst %/,%,$(dir $?))
# environment
SESSION_MANAGER = local/unix:@/tmp/.ICE-unix/3259,unix/unix:/tmp/.ICE-unix/3259
# automatic
*F = $(notdir $*)
# environment
MANPATH = /home/kayla/.nvm/versions/node/v18.1.0/share/man:/usr/share/lmod/lmod/share/man:
# environment
MODULEPATH = /etc/modulefiles:/usr/share/modulefiles:/usr/share/modulefiles/Linux:/usr/share/modulefiles/Core:/usr/share/lmod/lmod/modulefiles/Core
# environment
CHROME_DESKTOP = code-url-handler.desktop
# environment
DBUS_SESSION_BUS_ADDRESS = unix:path=/run/user/1000/bus
# automatic
<D = $(patsubst %/,%,$(dir $<))
# environment
VSCODE_NLS_CONFIG = {"locale":"en-us","availableLanguages":{},"_languagePackSupport":true}
# default
MAKE_HOST := x86_64-redhat-linux-gnu
# makefile
SHELL = /bin/sh
# default
MAKECMDGOALS := all
# environment
XMODIFIERS = @im=ibus
# environment
DOTNET_BUNDLE_EXTRACT_BASE_DIR = /home/kayla/.cache/dotnet_bundle_extract
# environment
GJS_DEBUG_TOPICS = JS ERROR;JS LOG
# environment
SHLVL = 0
# environment
MAKELEVEL := 0
# default
MAKE = $(MAKE_COMMAND)
# environment
PATH = /home/kayla/.nvm/versions/node/v18.1.0/bin:/usr/lib64/ccache:/home/kayla/.cargo/bin:/usr/local/bin:/usr/local/sbin:/usr/bin:/usr/sbin:/home/kayla/.dotnet/tools
# environment
MOZ_GMP_PATH = /usr/lib64/mozilla/plugins/gmp-gmpopenh264/system-installed
# default
MAKEFILES := 
# environment
MODULESHOME = /usr/share/lmod/lmod
# automatic
^F = $(notdir $^)
# environment
LMOD_sys = Linux
# environment
INVOCATION_ID = f91348ea31c04d08af15912e8a2c9698
# environment
VSCODE_LOG_NATIVE = false
# environment
USERNAME = kayla
# automatic
?F = $(notdir $?)
# environment
XDG_CURRENT_DESKTOP = GNOME
# automatic
+F = $(notdir $+)
# environment
DESKTOP_SESSION = gnome-xorg
# environment
ORIGINAL_XDG_CURRENT_DESKTOP = GNOME
# 'override' directive
GNUMAKEFLAGS := 
# environment
LOGNAME = kayla
# environment
GIO_LAUNCHED_DESKTOP_FILE = /usr/share/applications/code.desktop
# environment
BASH_ENV = /usr/share/lmod/lmod/init/bash
# makefile
.DEFAULT_GOAL := VulkanTest
# environment
SYSTEMD_EXEC_PID = 3315
# environment
MODULEPATH_ROOT = /usr/share/modulefiles
# environment
HISTCONTROL = ignoredups
# environment
EDITOR = /usr/bin/nano
# environment
DISPLAY = :0
# environment
USER = kayla
# default
MAKE_VERSION := 4.3
# makefile (from 'makefile', line 2)
LDFLAGS = -lglfw -lvulkan -ldl -lpthread -lX11 -lXxf86vm -lXrandr -lXi
# environment
MANAGERPID = 2216
# environment
which_declare = typeset -f
# environment
DEBUGINFOD_URLS = https://debuginfod.fedoraproject.org/ 
# environment
STARSHIP_SHELL = zsh
# environment
GIO_LAUNCHED_DESKTOP_FILE_PID = 11604
# environment
SSH_AGENT_PID = 3192
# environment
_ = /usr/bin/make
# environment
XDG_RUNTIME_DIR = /run/user/1000
# makefile (from 'makefile', line 1)
CFLAGS = -std=c++17 -O2
# environment
NVM_CD_FLAGS = -q
# environment
JOURNAL_STREAM = 8:42336
# environment
XDG_SESSION_CLASS = user
# environment
VSCODE_AMD_ENTRYPOINT = vs/workbench/api/node/extensionHostProcess
# environment
HOME = /home/kayla
# environment
QT_IM_MODULE = ibus
# environment
ELECTRON_RUN_AS_NODE = 1
# environment
VSCODE_IPC_HOOK = /run/user/1000/vscode-bedeb6ad-1.67.1-main.sock
# default
.RECIPEPREFIX := 
# automatic
<F = $(notdir $<)
# default
SUFFIXES := 
# environment
LMOD_PKG = /usr/share/lmod/lmod
# default
.FEATURES := target-specific order-only second-expansion else-if shortest-stem undefine oneshell nocomment grouped-target extra-prereqs archives jobserver output-sync check-symlink guile load
# environment
XDG_MENU_PREFIX = gnome-
# environment
DOTNET_ROOT = /usr/lib64/dotnet
# environment
LMOD_VERSION = 8.6.11
# environment
GDMSESSION = gnome-xorg
# variable set hash-table stats:
# Load=124/1024=12%, Rehash=0, Collisions=4/154=3%

# Pattern-specific Variable Values

# No pattern-specific variable values.
 

# Directories

# . (device 40, inode 1482192): 6 files, no impossibilities.

# 6 files, no impossibilities in 1 directories.

# Implicit Rules

# No implicit rules.

# Files

VulkanTest: src/main.cpp
#  Implicit rule search has not been done.
#  Modification time never checked.
#  File has not been updated.
#  recipe to execute (from 'makefile', line 5):
	g++ $(CFLAGS) -o VulkanTest main.cpp $(LDFLAGS)

# Not a target:
src/main.cpp:
#  Implicit rule search has not been done.
#  Modification time never checked.
#  File has not been updated.

clean:
#  Phony target (prerequisite of .PHONY).
#  Implicit rule search has not been done.
#  File does not exist.
#  File has not been updated.
#  recipe to execute (from 'makefile', line 13):
	rm -f VulkanTest

# Not a target:
.DEFAULT:
#  Implicit rule search has not been done.
#  Modification time never checked.
#  File has not been updated.

# Not a target:
all:
#  Command line target.
#  Implicit rule search has been done.
#  File does not exist.
#  File has not been updated.

test: VulkanTest
#  Phony target (prerequisite of .PHONY).
#  Implicit rule search has not been done.
#  File does not exist.
#  File has not been updated.
#  recipe to execute (from 'makefile', line 10):
	./VulkanTest

# Not a target:
makefile:
#  Implicit rule search has been done.
#  Last modified 2022-05-14 21:59:57.57080988
#  File has been updated.
#  Successfully updated.

.PHONY: test clean
#  Implicit rule search has not been done.
#  Modification time never checked.
#  File has not been updated.

# files hash-table stats:
# Load=9/1024=1%, Rehash=0, Collisions=0/25=0%
# VPATH Search Paths

# No 'vpath' search paths.

# No general ('VPATH' variable) search path.

# strcache buffers: 1 (0) / strings = 15 / storage = 123 B / avg = 8 B
# current buf: size = 8162 B / used = 123 B / count = 15 / avg = 8 B

# strcache performance: lookups = 27 / hit rate = 44%
# hash-table stats:
# Load=15/8192=0%, Rehash=0, Collisions=0/27=0%
# Finished Make data base on Sat May 14 22:00:08 2022

 
